# JRE version: Java(TM) SE Runtime Environment (8.0_271-b09) (build 1.8.0_271-b09)
# Java VM: Java HotSpot(TM) 64-Bit Server VM (25.271-b09 mixed mode windows-amd64 compressed oops)
Heap:
 PSYoungGen      total 71680K, used 33693K [0x00000000d5d80000, 0x00000000da880000, 0x0000000100000000)
  eden space 66560K, 43% used [0x00000000d5d80000,0x00000000d798ca68,0x00000000d9e80000)
  from space 5120K, 97% used [0x00000000da380000,0x00000000da85a9d0,0x00000000da880000)
  to   space 5120K, 0% used [0x00000000d9e80000,0x00000000d9e80000,0x00000000da380000)
 ParOldGen       total 57856K, used 8119K [0x0000000081800000, 0x0000000085080000, 0x00000000d5d80000)
  object space 57856K, 14% used [0x0000000081800000,0x0000000081fedf18,0x0000000085080000)
 Metaspace       used 24688K, capacity 25404K, committed 25600K, reserved 1071104K
  class space    used 3102K, capacity 3267K, committed 3328K, reserved 1048576K
GC Heap History (10 events):
Event: 2.764 GC heap before
{Heap before GC invocations=3 (full 0):
 PSYoungGen      total 38400K, used 37941K [0x00000000d5d80000, 0x00000000d8800000, 0x0000000100000000)
  eden space 33280K, 100% used [0x00000000d5d80000,0x00000000d7e00000,0x00000000d7e00000)
  from space 5120K, 91% used [0x00000000d8300000,0x00000000d878d578,0x00000000d8800000)
  to   space 5120K, 0% used [0x00000000d7e00000,0x00000000d7e00000,0x00000000d8300000)
 ParOldGen       total 87552K, used 24K [0x0000000081800000, 0x0000000086d80000, 0x00000000d5d80000)
  object space 87552K, 0% used [0x0000000081800000,0x0000000081806000,0x0000000086d80000)
 Metaspace       used 13766K, capacity 14244K, committed 14592K, reserved 1062912K
  class space    used 1782K, capacity 1925K, committed 2048K, reserved 1048576K
Event: 2.773 GC heap after
Heap after GC invocations=3 (full 0):
 PSYoungGen      total 38400K, used 5006K [0x00000000d5d80000, 0x00000000da880000, 0x0000000100000000)
  eden space 33280K, 0% used [0x00000000d5d80000,0x00000000d5d80000,0x00000000d7e00000)
  from space 5120K, 97% used [0x00000000d7e00000,0x00000000d82e3910,0x00000000d8300000)
  to   space 5120K, 0% used [0x00000000da380000,0x00000000da380000,0x00000000da880000)
 ParOldGen       total 87552K, used 32K [0x0000000081800000, 0x0000000086d80000, 0x00000000d5d80000)
  object space 87552K, 0% used [0x0000000081800000,0x0000000081808000,0x0000000086d80000)
 Metaspace       used 13766K, capacity 14244K, committed 14592K, reserved 1062912K
  class space    used 1782K, capacity 1925K, committed 2048K, reserved 1048576K
}
Event: 3.163 GC heap before
{Heap before GC invocations=4 (full 0):
 PSYoungGen      total 38400K, used 38286K [0x00000000d5d80000, 0x00000000da880000, 0x0000000100000000)
  eden space 33280K, 100% used [0x00000000d5d80000,0x00000000d7e00000,0x00000000d7e00000)
  from space 5120K, 97% used [0x00000000d7e00000,0x00000000d82e3910,0x00000000d8300000)
  to   space 5120K, 0% used [0x00000000da380000,0x00000000da380000,0x00000000da880000)
 ParOldGen       total 87552K, used 32K [0x0000000081800000, 0x0000000086d80000, 0x00000000d5d80000)
  object space 87552K, 0% used [0x0000000081800000,0x0000000081808000,0x0000000086d80000)
 Metaspace       used 16577K, capacity 17132K, committed 17280K, reserved 1064960K
  class space    used 2164K, capacity 2319K, committed 2432K, reserved 1048576K
Event: 3.172 GC heap after
Heap after GC invocations=4 (full 0):
 PSYoungGen      total 71680K, used 5103K [0x00000000d5d80000, 0x00000000da880000, 0x0000000100000000)
  eden space 66560K, 0% used [0x00000000d5d80000,0x00000000d5d80000,0x00000000d9e80000)
  from space 5120K, 99% used [0x00000000da380000,0x00000000da87bf20,0x00000000da880000)
  to   space 5120K, 0% used [0x00000000d9e80000,0x00000000d9e80000,0x00000000da380000)
 ParOldGen       total 87552K, used 1277K [0x0000000081800000, 0x0000000086d80000, 0x00000000d5d80000)
  object space 87552K, 1% used [0x0000000081800000,0x000000008193f530,0x0000000086d80000)
 Metaspace       used 16577K, capacity 17132K, committed 17280K, reserved 1064960K
  class space    used 2164K, capacity 2319K, committed 2432K, reserved 1048576K
}
Event: 3.518 GC heap before
{Heap before GC invocations=5 (full 0):
 PSYoungGen      total 71680K, used 47822K [0x00000000d5d80000, 0x00000000da880000, 0x0000000100000000)
  eden space 66560K, 64% used [0x00000000d5d80000,0x00000000d8737bd0,0x00000000d9e80000)
  from space 5120K, 99% used [0x00000000da380000,0x00000000da87bf20,0x00000000da880000)
  to   space 5120K, 0% used [0x00000000d9e80000,0x00000000d9e80000,0x00000000da380000)
 ParOldGen       total 87552K, used 1277K [0x0000000081800000, 0x0000000086d80000, 0x00000000d5d80000)
  object space 87552K, 1% used [0x0000000081800000,0x000000008193f530,0x0000000086d80000)
 Metaspace       used 20576K, capacity 21100K, committed 21248K, reserved 1067008K
  class space    used 2556K, capacity 2703K, committed 2816K, reserved 1048576K
Event: 3.531 GC heap after
Heap after GC invocations=5 (full 0):
 PSYoungGen      total 71680K, used 5117K [0x00000000d5d80000, 0x00000000da880000, 0x0000000100000000)
  eden space 66560K, 0% used [0x00000000d5d80000,0x00000000d5d80000,0x00000000d9e80000)
  from space 5120K, 99% used [0x00000000d9e80000,0x00000000da37f5b8,0x00000000da380000)
  to   space 5120K, 0% used [0x00000000da380000,0x00000000da380000,0x00000000da880000)
 ParOldGen       total 87552K, used 4463K [0x0000000081800000, 0x0000000086d80000, 0x00000000d5d80000)
  object space 87552K, 5% used [0x0000000081800000,0x0000000081c5bf38,0x0000000086d80000)
 Metaspace       used 20576K, capacity 21100K, committed 21248K, reserved 1067008K
  class space    used 2556K, capacity 2703K, committed 2816K, reserved 1048576K
}
Event: 3.531 GC heap before
{Heap before GC invocations=6 (full 1):
 PSYoungGen      total 71680K, used 5117K [0x00000000d5d80000, 0x00000000da880000, 0x0000000100000000)
  eden space 66560K, 0% used [0x00000000d5d80000,0x00000000d5d80000,0x00000000d9e80000)
  from space 5120K, 99% used [0x00000000d9e80000,0x00000000da37f5b8,0x00000000da380000)
  to   space 5120K, 0% used [0x00000000da380000,0x00000000da380000,0x00000000da880000)
 ParOldGen       total 87552K, used 4463K [0x0000000081800000, 0x0000000086d80000, 0x00000000d5d80000)
  object space 87552K, 5% used [0x0000000081800000,0x0000000081c5bf38,0x0000000086d80000)
 Metaspace       used 20576K, capacity 21100K, committed 21248K, reserved 1067008K
  class space    used 2556K, capacity 2703K, committed 2816K, reserved 1048576K
Event: 3.575 GC heap after
Heap after GC invocations=6 (full 1):
 PSYoungGen      total 71680K, used 0K [0x00000000d5d80000, 0x00000000da880000, 0x0000000100000000)
  eden space 66560K, 0% used [0x00000000d5d80000,0x00000000d5d80000,0x00000000d9e80000)
  from space 5120K, 0% used [0x00000000d9e80000,0x00000000d9e80000,0x00000000da380000)
  to   space 5120K, 0% used [0x00000000da380000,0x00000000da380000,0x00000000da880000)
 ParOldGen       total 57856K, used 8111K [0x0000000081800000, 0x0000000085080000, 0x00000000d5d80000)
  object space 57856K, 14% used [0x0000000081800000,0x0000000081febf18,0x0000000085080000)
 Metaspace       used 20574K, capacity 21094K, committed 21248K, reserved 1067008K
  class space    used 2555K, capacity 2702K, committed 2816K, reserved 1048576K
}
Event: 4.420 GC heap before
{Heap before GC invocations=7 (full 1):
 PSYoungGen      total 71680K, used 66560K [0x00000000d5d80000, 0x00000000da880000, 0x0000000100000000)
  eden space 66560K, 100% used [0x00000000d5d80000,0x00000000d9e80000,0x00000000d9e80000)
  from space 5120K, 0% used [0x00000000d9e80000,0x00000000d9e80000,0x00000000da380000)
  to   space 5120K, 0% used [0x00000000da380000,0x00000000da380000,0x00000000da880000)
 ParOldGen       total 57856K, used 8111K [0x0000000081800000, 0x0000000085080000, 0x00000000d5d80000)
  object space 57856K, 14% used [0x0000000081800000,0x0000000081febf18,0x0000000085080000)
 Metaspace       used 24120K, capacity 24848K, committed 25088K, reserved 1071104K
  class space    used 3043K, capacity 3229K, committed 3328K, reserved 1048576K
Event: 4.426 GC heap after
Heap after GC invocations=7 (full 1):
 PSYoungGen      total 71680K, used 4970K [0x00000000d5d80000, 0x00000000da880000, 0x0000000100000000)
  eden space 66560K, 0% used [0x00000000d5d80000,0x00000000d5d80000,0x00000000d9e80000)
  from space 5120K, 97% used [0x00000000da380000,0x00000000da85a9d0,0x00000000da880000)
  to   space 5120K, 0% used [0x00000000d9e80000,0x00000000d9e80000,0x00000000da380000)
 ParOldGen       total 57856K, used 8119K [0x0000000081800000, 0x0000000085080000, 0x00000000d5d80000)
  object space 57856K, 14% used [0x0000000081800000,0x0000000081fedf18,0x0000000085080000)
 Metaspace       used 24120K, capacity 24848K, committed 25088K, reserved 1071104K
  class space    used 3043K, capacity 3229K, committed 3328K, reserved 1048576K
}

